This file contains any messages produced by compilers while
running configure, to aid debugging if configure makes a mistake.

It was created by SimpleGame configure 0.1, which was
generated by GNU Autoconf 2.69.  Invocation command line was

  $ ./configure 

## --------- ##
## Platform. ##
## --------- ##

hostname = mathew-VirtualBox
uname -m = i686
uname -r = 3.13.0-24-generic
uname -s = Linux
uname -v = #46-Ubuntu SMP Thu Apr 10 19:08:14 UTC 2014

/usr/bin/uname -p = unknown
/bin/uname -X     = unknown

/bin/arch              = unknown
/usr/bin/arch -k       = unknown
/usr/convex/getsysinfo = unknown
/usr/bin/hostinfo      = unknown
/bin/machine           = unknown
/usr/bin/oslevel       = unknown
/bin/universe          = unknown

PATH: /usr/local/sbin
PATH: /usr/local/bin
PATH: /usr/sbin
PATH: /usr/bin
PATH: /sbin
PATH: /bin
PATH: /usr/games
PATH: /usr/local/games


## ----------- ##
## Core tests. ##
## ----------- ##

configure:2146: checking for a BSD-compatible install
configure:2214: result: /usr/bin/install -c
configure:2225: checking whether build environment is sane
configure:2280: result: yes
configure:2431: checking for a thread-safe mkdir -p
configure:2470: result: /bin/mkdir -p
configure:2477: checking for gawk
configure:2507: result: no
configure:2477: checking for mawk
configure:2493: found /usr/bin/mawk
configure:2504: result: mawk
configure:2515: checking whether make sets $(MAKE)
configure:2537: result: yes
configure:2566: checking whether make supports nested variables
configure:2583: result: yes
configure:2769: checking for g++
configure:2785: found /usr/bin/g++
configure:2796: result: g++
configure:2823: checking for C++ compiler version
configure:2832: g++ --version >&5
g++ (Ubuntu 4.8.2-19ubuntu1) 4.8.2
Copyright (C) 2013 Free Software Foundation, Inc.
This is free software; see the source for copying conditions.  There is NO
warranty; not even for MERCHANTABILITY or FITNESS FOR A PARTICULAR PURPOSE.

configure:2843: $? = 0
configure:2832: g++ -v >&5
Using built-in specs.
COLLECT_GCC=g++
COLLECT_LTO_WRAPPER=/usr/lib/gcc/i686-linux-gnu/4.8/lto-wrapper
Target: i686-linux-gnu
Configured with: ../src/configure -v --with-pkgversion='Ubuntu 4.8.2-19ubuntu1' --with-bugurl=file:///usr/share/doc/gcc-4.8/README.Bugs --enable-languages=c,c++,java,go,d,fortran,objc,obj-c++ --prefix=/usr --program-suffix=-4.8 --enable-shared --enable-linker-build-id --libexecdir=/usr/lib --without-included-gettext --enable-threads=posix --with-gxx-include-dir=/usr/include/c++/4.8 --libdir=/usr/lib --enable-nls --with-sysroot=/ --enable-clocale=gnu --enable-libstdcxx-debug --enable-libstdcxx-time=yes --enable-gnu-unique-object --disable-libmudflap --enable-plugin --with-system-zlib --disable-browser-plugin --enable-java-awt=gtk --enable-gtk-cairo --with-java-home=/usr/lib/jvm/java-1.5.0-gcj-4.8-i386/jre --enable-java-home --with-jvm-root-dir=/usr/lib/jvm/java-1.5.0-gcj-4.8-i386 --with-jvm-jar-dir=/usr/lib/jvm-exports/java-1.5.0-gcj-4.8-i386 --with-arch-directory=i386 --with-ecj-jar=/usr/share/java/eclipse-ecj.jar --enable-objc-gc --enable-targets=all --enable-multiarch --disable-werror --with-arch-32=i686 --with-multilib-list=m32,m64,mx32 --with-tune=generic --enable-checking=release --build=i686-linux-gnu --host=i686-linux-gnu --target=i686-linux-gnu
Thread model: posix
gcc version 4.8.2 (Ubuntu 4.8.2-19ubuntu1) 
configure:2843: $? = 0
configure:2832: g++ -V >&5
g++: error: unrecognized command line option '-V'
g++: fatal error: no input files
compilation terminated.
configure:2843: $? = 4
configure:2832: g++ -qversion >&5
g++: error: unrecognized command line option '-qversion'
g++: fatal error: no input files
compilation terminated.
configure:2843: $? = 4
configure:2863: checking whether the C++ compiler works
configure:2885: g++    conftest.cpp  >&5
configure:2889: $? = 0
configure:2937: result: yes
configure:2940: checking for C++ compiler default output file name
configure:2942: result: a.out
configure:2948: checking for suffix of executables
configure:2955: g++ -o conftest    conftest.cpp  >&5
configure:2959: $? = 0
configure:2981: result: 
configure:3003: checking whether we are cross compiling
configure:3011: g++ -o conftest    conftest.cpp  >&5
configure:3015: $? = 0
configure:3022: ./conftest
configure:3026: $? = 0
configure:3041: result: no
configure:3046: checking for suffix of object files
configure:3068: g++ -c   conftest.cpp >&5
configure:3072: $? = 0
configure:3093: result: o
configure:3097: checking whether we are using the GNU C++ compiler
configure:3116: g++ -c   conftest.cpp >&5
configure:3116: $? = 0
configure:3125: result: yes
configure:3134: checking whether g++ accepts -g
configure:3154: g++ -c -g  conftest.cpp >&5
configure:3154: $? = 0
configure:3195: result: yes
configure:3229: checking for style of include used by make
configure:3257: result: GNU
configure:3283: checking dependency style of g++
configure:3394: result: gcc3
configure:3459: checking for gcc
configure:3475: found /usr/bin/gcc
configure:3486: result: gcc
configure:3715: checking for C compiler version
configure:3724: gcc --version >&5
gcc (Ubuntu 4.8.2-19ubuntu1) 4.8.2
Copyright (C) 2013 Free Software Foundation, Inc.
This is free software; see the source for copying conditions.  There is NO
warranty; not even for MERCHANTABILITY or FITNESS FOR A PARTICULAR PURPOSE.

configure:3735: $? = 0
configure:3724: gcc -v >&5
Using built-in specs.
COLLECT_GCC=gcc
COLLECT_LTO_WRAPPER=/usr/lib/gcc/i686-linux-gnu/4.8/lto-wrapper
Target: i686-linux-gnu
Configured with: ../src/configure -v --with-pkgversion='Ubuntu 4.8.2-19ubuntu1' --with-bugurl=file:///usr/share/doc/gcc-4.8/README.Bugs --enable-languages=c,c++,java,go,d,fortran,objc,obj-c++ --prefix=/usr --program-suffix=-4.8 --enable-shared --enable-linker-build-id --libexecdir=/usr/lib --without-included-gettext --enable-threads=posix --with-gxx-include-dir=/usr/include/c++/4.8 --libdir=/usr/lib --enable-nls --with-sysroot=/ --enable-clocale=gnu --enable-libstdcxx-debug --enable-libstdcxx-time=yes --enable-gnu-unique-object --disable-libmudflap --enable-plugin --with-system-zlib --disable-browser-plugin --enable-java-awt=gtk --enable-gtk-cairo --with-java-home=/usr/lib/jvm/java-1.5.0-gcj-4.8-i386/jre --enable-java-home --with-jvm-root-dir=/usr/lib/jvm/java-1.5.0-gcj-4.8-i386 --with-jvm-jar-dir=/usr/lib/jvm-exports/java-1.5.0-gcj-4.8-i386 --with-arch-directory=i386 --with-ecj-jar=/usr/share/java/eclipse-ecj.jar --enable-objc-gc --enable-targets=all --enable-multiarch --disable-werror --with-arch-32=i686 --with-multilib-list=m32,m64,mx32 --with-tune=generic --enable-checking=release --build=i686-linux-gnu --host=i686-linux-gnu --target=i686-linux-gnu
Thread model: posix
gcc version 4.8.2 (Ubuntu 4.8.2-19ubuntu1) 
configure:3735: $? = 0
configure:3724: gcc -V >&5
gcc: error: unrecognized command line option '-V'
gcc: fatal error: no input files
compilation terminated.
configure:3735: $? = 4
configure:3724: gcc -qversion >&5
gcc: error: unrecognized command line option '-qversion'
gcc: fatal error: no input files
compilation terminated.
configure:3735: $? = 4
configure:3739: checking whether we are using the GNU C compiler
configure:3758: gcc -c   conftest.c >&5
configure:3758: $? = 0
configure:3767: result: yes
configure:3776: checking whether gcc accepts -g
configure:3796: gcc -c -g  conftest.c >&5
configure:3796: $? = 0
configure:3837: result: yes
configure:3854: checking for gcc option to accept ISO C89
configure:3917: gcc  -c -g -O2  conftest.c >&5
configure:3917: $? = 0
configure:3930: result: none needed
configure:3955: checking whether gcc understands -c and -o together
configure:3977: gcc -c conftest.c -o conftest2.o
configure:3980: $? = 0
configure:3977: gcc -c conftest.c -o conftest2.o
configure:3980: $? = 0
configure:3992: result: yes
configure:4011: checking dependency style of gcc
configure:4122: result: gcc3
configure:4143: checking how to run the C preprocessor
configure:4174: gcc -E  conftest.c
configure:4174: $? = 0
configure:4188: gcc -E  conftest.c
conftest.c:11:28: fatal error: ac_nonexistent.h: No such file or directory
 #include <ac_nonexistent.h>
                            ^
compilation terminated.
configure:4188: $? = 1
configure: failed program was:
| /* confdefs.h */
| #define PACKAGE_NAME "SimpleGame"
| #define PACKAGE_TARNAME "simplegame"
| #define PACKAGE_VERSION "0.1"
| #define PACKAGE_STRING "SimpleGame 0.1"
| #define PACKAGE_BUGREPORT ""
| #define PACKAGE_URL ""
| #define PACKAGE "simplegame"
| #define VERSION "0.1"
| /* end confdefs.h.  */
| #include <ac_nonexistent.h>
configure:4213: result: gcc -E
configure:4233: gcc -E  conftest.c
configure:4233: $? = 0
configure:4247: gcc -E  conftest.c
conftest.c:11:28: fatal error: ac_nonexistent.h: No such file or directory
 #include <ac_nonexistent.h>
                            ^
compilation terminated.
configure:4247: $? = 1
configure: failed program was:
| /* confdefs.h */
| #define PACKAGE_NAME "SimpleGame"
| #define PACKAGE_TARNAME "simplegame"
| #define PACKAGE_VERSION "0.1"
| #define PACKAGE_STRING "SimpleGame 0.1"
| #define PACKAGE_BUGREPORT ""
| #define PACKAGE_URL ""
| #define PACKAGE "simplegame"
| #define VERSION "0.1"
| /* end confdefs.h.  */
| #include <ac_nonexistent.h>
configure:4276: checking for grep that handles long lines and -e
configure:4334: result: /bin/grep
configure:4339: checking for egrep
configure:4401: result: /bin/grep -E
configure:4406: checking for ANSI C header files
configure:4426: gcc -c -g -O2  conftest.c >&5
configure:4426: $? = 0
configure:4499: gcc -o conftest -g -O2   conftest.c  >&5
configure:4499: $? = 0
configure:4499: ./conftest
configure:4499: $? = 0
configure:4510: result: yes
configure:4523: checking for sys/types.h
configure:4523: gcc -c -g -O2  conftest.c >&5
configure:4523: $? = 0
configure:4523: result: yes
configure:4523: checking for sys/stat.h
configure:4523: gcc -c -g -O2  conftest.c >&5
configure:4523: $? = 0
configure:4523: result: yes
configure:4523: checking for stdlib.h
configure:4523: gcc -c -g -O2  conftest.c >&5
configure:4523: $? = 0
configure:4523: result: yes
configure:4523: checking for string.h
configure:4523: gcc -c -g -O2  conftest.c >&5
configure:4523: $? = 0
configure:4523: result: yes
configure:4523: checking for memory.h
configure:4523: gcc -c -g -O2  conftest.c >&5
configure:4523: $? = 0
configure:4523: result: yes
configure:4523: checking for strings.h
configure:4523: gcc -c -g -O2  conftest.c >&5
configure:4523: $? = 0
configure:4523: result: yes
configure:4523: checking for inttypes.h
configure:4523: gcc -c -g -O2  conftest.c >&5
configure:4523: $? = 0
configure:4523: result: yes
configure:4523: checking for stdint.h
configure:4523: gcc -c -g -O2  conftest.c >&5
configure:4523: $? = 0
configure:4523: result: yes
configure:4523: checking for unistd.h
configure:4523: gcc -c -g -O2  conftest.c >&5
configure:4523: $? = 0
configure:4523: result: yes
configure:4535: checking vectormath/cpp/vectormath_aos.h usability
configure:4535: gcc -c -g -O2  conftest.c >&5
conftest.c:54:43: fatal error: vectormath/cpp/vectormath_aos.h: No such file or directory
 #include <vectormath/cpp/vectormath_aos.h>
                                           ^
compilation terminated.
configure:4535: $? = 1
configure: failed program was:
| /* confdefs.h */
| #define PACKAGE_NAME "SimpleGame"
| #define PACKAGE_TARNAME "simplegame"
| #define PACKAGE_VERSION "0.1"
| #define PACKAGE_STRING "SimpleGame 0.1"
| #define PACKAGE_BUGREPORT ""
| #define PACKAGE_URL ""
| #define PACKAGE "simplegame"
| #define VERSION "0.1"
| #define STDC_HEADERS 1
| #define HAVE_SYS_TYPES_H 1
| #define HAVE_SYS_STAT_H 1
| #define HAVE_STDLIB_H 1
| #define HAVE_STRING_H 1
| #define HAVE_MEMORY_H 1
| #define HAVE_STRINGS_H 1
| #define HAVE_INTTYPES_H 1
| #define HAVE_STDINT_H 1
| #define HAVE_UNISTD_H 1
| /* end confdefs.h.  */
| #include <stdio.h>
| #ifdef HAVE_SYS_TYPES_H
| # include <sys/types.h>
| #endif
| #ifdef HAVE_SYS_STAT_H
| # include <sys/stat.h>
| #endif
| #ifdef STDC_HEADERS
| # include <stdlib.h>
| # include <stddef.h>
| #else
| # ifdef HAVE_STDLIB_H
| #  include <stdlib.h>
| # endif
| #endif
| #ifdef HAVE_STRING_H
| # if !defined STDC_HEADERS && defined HAVE_MEMORY_H
| #  include <memory.h>
| # endif
| # include <string.h>
| #endif
| #ifdef HAVE_STRINGS_H
| # include <strings.h>
| #endif
| #ifdef HAVE_INTTYPES_H
| # include <inttypes.h>
| #endif
| #ifdef HAVE_STDINT_H
| # include <stdint.h>
| #endif
| #ifdef HAVE_UNISTD_H
| # include <unistd.h>
| #endif
| #include <vectormath/cpp/vectormath_aos.h>
configure:4535: result: no
configure:4535: checking vectormath/cpp/vectormath_aos.h presence
configure:4535: gcc -E  conftest.c
conftest.c:21:43: fatal error: vectormath/cpp/vectormath_aos.h: No such file or directory
 #include <vectormath/cpp/vectormath_aos.h>
                                           ^
compilation terminated.
configure:4535: $? = 1
configure: failed program was:
| /* confdefs.h */
| #define PACKAGE_NAME "SimpleGame"
| #define PACKAGE_TARNAME "simplegame"
| #define PACKAGE_VERSION "0.1"
| #define PACKAGE_STRING "SimpleGame 0.1"
| #define PACKAGE_BUGREPORT ""
| #define PACKAGE_URL ""
| #define PACKAGE "simplegame"
| #define VERSION "0.1"
| #define STDC_HEADERS 1
| #define HAVE_SYS_TYPES_H 1
| #define HAVE_SYS_STAT_H 1
| #define HAVE_STDLIB_H 1
| #define HAVE_STRING_H 1
| #define HAVE_MEMORY_H 1
| #define HAVE_STRINGS_H 1
| #define HAVE_INTTYPES_H 1
| #define HAVE_STDINT_H 1
| #define HAVE_UNISTD_H 1
| /* end confdefs.h.  */
| #include <vectormath/cpp/vectormath_aos.h>
configure:4535: result: no
configure:4535: checking for vectormath/cpp/vectormath_aos.h
configure:4535: result: no
configure:4597: checking for pkg-config
configure:4615: found /usr/bin/pkg-config
configure:4627: result: /usr/bin/pkg-config
configure:4652: checking pkg-config is at least version 0.9.0
configure:4655: result: yes
configure:4665: checking for gl
configure:4672: $PKG_CONFIG --exists --print-errors "gl"
configure:4675: $? = 0
configure:4689: $PKG_CONFIG --exists --print-errors "gl"
configure:4692: $? = 0
configure:4750: result: yes
configure:4756: checking for glew
configure:4763: $PKG_CONFIG --exists --print-errors "glew"
configure:4766: $? = 0
configure:4780: $PKG_CONFIG --exists --print-errors "glew"
configure:4783: $? = 0
configure:4841: result: yes
configure:4847: checking for sdl2
configure:4854: $PKG_CONFIG --exists --print-errors "sdl2"
configure:4857: $? = 0
configure:4871: $PKG_CONFIG --exists --print-errors "sdl2"
configure:4874: $? = 0
configure:4932: result: yes
configure:5048: checking that generated files are newer than configure
configure:5054: result: done
configure:5081: creating ./config.status

## ---------------------- ##
## Running config.status. ##
## ---------------------- ##

This file was extended by SimpleGame config.status 0.1, which was
generated by GNU Autoconf 2.69.  Invocation command line was

  CONFIG_FILES    = 
  CONFIG_HEADERS  = 
  CONFIG_LINKS    = 
  CONFIG_COMMANDS = 
  $ ./config.status 

on mathew-VirtualBox

config.status:868: creating Makefile
config.status:868: creating src/Makefile
config.status:868: creating config.h
config.status:1049: config.h is unchanged
config.status:1097: executing depfiles commands

## ---------------- ##
## Cache variables. ##
## ---------------- ##

ac_cv_c_compiler_gnu=yes
ac_cv_cxx_compiler_gnu=yes
ac_cv_env_CCC_set=
ac_cv_env_CCC_value=
ac_cv_env_CC_set=
ac_cv_env_CC_value=
ac_cv_env_CFLAGS_set=
ac_cv_env_CFLAGS_value=
ac_cv_env_CPPFLAGS_set=
ac_cv_env_CPPFLAGS_value=
ac_cv_env_CPP_set=
ac_cv_env_CPP_value=
ac_cv_env_CXXFLAGS_set=
ac_cv_env_CXXFLAGS_value=
ac_cv_env_CXX_set=
ac_cv_env_CXX_value=
ac_cv_env_LDFLAGS_set=
ac_cv_env_LDFLAGS_value=
ac_cv_env_LIBS_set=
ac_cv_env_LIBS_value=
ac_cv_env_PKG_CONFIG_LIBDIR_set=
ac_cv_env_PKG_CONFIG_LIBDIR_value=
ac_cv_env_PKG_CONFIG_PATH_set=
ac_cv_env_PKG_CONFIG_PATH_value=
ac_cv_env_PKG_CONFIG_set=
ac_cv_env_PKG_CONFIG_value=
ac_cv_env_build_alias_set=
ac_cv_env_build_alias_value=
ac_cv_env_gl_CFLAGS_set=
ac_cv_env_gl_CFLAGS_value=
ac_cv_env_gl_LIBS_set=
ac_cv_env_gl_LIBS_value=
ac_cv_env_glew_CFLAGS_set=
ac_cv_env_glew_CFLAGS_value=
ac_cv_env_glew_LIBS_set=
ac_cv_env_glew_LIBS_value=
ac_cv_env_host_alias_set=
ac_cv_env_host_alias_value=
ac_cv_env_sdl2_CFLAGS_set=
ac_cv_env_sdl2_CFLAGS_value=
ac_cv_env_sdl2_LIBS_set=
ac_cv_env_sdl2_LIBS_value=
ac_cv_env_target_alias_set=
ac_cv_env_target_alias_value=
ac_cv_header_inttypes_h=yes
ac_cv_header_memory_h=yes
ac_cv_header_stdc=yes
ac_cv_header_stdint_h=yes
ac_cv_header_stdlib_h=yes
ac_cv_header_string_h=yes
ac_cv_header_strings_h=yes
ac_cv_header_sys_stat_h=yes
ac_cv_header_sys_types_h=yes
ac_cv_header_unistd_h=yes
ac_cv_header_vectormath_cpp_vectormath_aos_h=no
ac_cv_objext=o
ac_cv_path_EGREP='/bin/grep -E'
ac_cv_path_GREP=/bin/grep
ac_cv_path_ac_pt_PKG_CONFIG=/usr/bin/pkg-config
ac_cv_path_install='/usr/bin/install -c'
ac_cv_path_mkdir=/bin/mkdir
ac_cv_prog_AWK=mawk
ac_cv_prog_CPP='gcc -E'
ac_cv_prog_ac_ct_CC=gcc
ac_cv_prog_ac_ct_CXX=g++
ac_cv_prog_cc_c89=
ac_cv_prog_cc_g=yes
ac_cv_prog_cxx_g=yes
ac_cv_prog_make_make_set=yes
am_cv_CC_dependencies_compiler_type=gcc3
am_cv_CXX_dependencies_compiler_type=gcc3
am_cv_make_support_nested_variables=yes
am_cv_prog_cc_c_o=yes
pkg_cv_gl_CFLAGS='-I/usr/include/libdrm  '
pkg_cv_gl_LIBS='-lGL  '
pkg_cv_glew_CFLAGS='-I/usr/include/GL -I/usr/include/libdrm  '
pkg_cv_glew_LIBS='-lGLEW -lGLU -lGL  '
pkg_cv_sdl2_CFLAGS='-D_REENTRANT -I/usr/include/SDL2  '
pkg_cv_sdl2_LIBS='-lSDL2  '

## ----------------- ##
## Output variables. ##
## ----------------- ##

ACLOCAL='${SHELL} /home/mathew/Documents/CI224-Game/missing aclocal-1.14'
AMDEPBACKSLASH='\'
AMDEP_FALSE='#'
AMDEP_TRUE=''
AMTAR='$${TAR-tar}'
AM_BACKSLASH='\'
AM_DEFAULT_V='$(AM_DEFAULT_VERBOSITY)'
AM_DEFAULT_VERBOSITY='1'
AM_V='$(V)'
AUTOCONF='${SHELL} /home/mathew/Documents/CI224-Game/missing autoconf'
AUTOHEADER='${SHELL} /home/mathew/Documents/CI224-Game/missing autoheader'
AUTOMAKE='${SHELL} /home/mathew/Documents/CI224-Game/missing automake-1.14'
AWK='mawk'
CC='gcc'
CCDEPMODE='depmode=gcc3'
CFLAGS='-g -O2'
CPP='gcc -E'
CPPFLAGS=''
CXX='g++'
CXXDEPMODE='depmode=gcc3'
CXXFLAGS='-g -O2'
CYGPATH_W='echo'
DEFS='-DHAVE_CONFIG_H'
DEPDIR='.deps'
ECHO_C=''
ECHO_N='-n'
ECHO_T=''
EGREP='/bin/grep -E'
EXEEXT=''
GREP='/bin/grep'
INSTALL_DATA='${INSTALL} -m 644'
INSTALL_PROGRAM='${INSTALL}'
INSTALL_SCRIPT='${INSTALL}'
INSTALL_STRIP_PROGRAM='$(install_sh) -c -s'
LDFLAGS=''
LIBOBJS=''
LIBS=''
LTLIBOBJS=''
MAKEINFO='${SHELL} /home/mathew/Documents/CI224-Game/missing makeinfo'
MKDIR_P='/bin/mkdir -p'
OBJEXT='o'
PACKAGE='simplegame'
PACKAGE_BUGREPORT=''
PACKAGE_NAME='SimpleGame'
PACKAGE_STRING='SimpleGame 0.1'
PACKAGE_TARNAME='simplegame'
PACKAGE_URL=''
PACKAGE_VERSION='0.1'
PATH_SEPARATOR=':'
PKG_CONFIG='/usr/bin/pkg-config'
PKG_CONFIG_LIBDIR=''
PKG_CONFIG_PATH=''
SET_MAKE=''
SHELL='/bin/bash'
STRIP=''
VERSION='0.1'
ac_ct_CC='gcc'
ac_ct_CXX='g++'
am__EXEEXT_FALSE=''
am__EXEEXT_TRUE='#'
am__fastdepCC_FALSE='#'
am__fastdepCC_TRUE=''
am__fastdepCXX_FALSE='#'
am__fastdepCXX_TRUE=''
am__include='include'
am__isrc=''
am__leading_dot='.'
am__nodep='_no'
am__quote=''
am__tar='$${TAR-tar} chof - "$$tardir"'
am__untar='$${TAR-tar} xf -'
bindir='${exec_prefix}/bin'
build_alias=''
datadir='${datarootdir}'
datarootdir='${prefix}/share'
docdir='${datarootdir}/doc/${PACKAGE_TARNAME}'
dvidir='${docdir}'
exec_prefix='${prefix}'
gl_CFLAGS='-I/usr/include/libdrm  '
gl_LIBS='-lGL  '
glew_CFLAGS='-I/usr/include/GL -I/usr/include/libdrm  '
glew_LIBS='-lGLEW -lGLU -lGL  '
host_alias=''
htmldir='${docdir}'
includedir='${prefix}/include'
infodir='${datarootdir}/info'
install_sh='${SHELL} /home/mathew/Documents/CI224-Game/install-sh'
libdir='${exec_prefix}/lib'
libexecdir='${exec_prefix}/libexec'
localedir='${datarootdir}/locale'
localstatedir='${prefix}/var'
mandir='${datarootdir}/man'
mkdir_p='$(MKDIR_P)'
oldincludedir='/usr/include'
pdfdir='${docdir}'
prefix='/usr/local'
program_transform_name='s,x,x,'
psdir='${docdir}'
sbindir='${exec_prefix}/sbin'
sdl2_CFLAGS='-D_REENTRANT -I/usr/include/SDL2  '
sdl2_LIBS='-lSDL2  '
sharedstatedir='${prefix}/com'
sysconfdir='${prefix}/etc'
target_alias=''

## ----------- ##
## confdefs.h. ##
## ----------- ##

/* confdefs.h */
#define PACKAGE_NAME "SimpleGame"
#define PACKAGE_TARNAME "simplegame"
#define PACKAGE_VERSION "0.1"
#define PACKAGE_STRING "SimpleGame 0.1"
#define PACKAGE_BUGREPORT ""
#define PACKAGE_URL ""
#define PACKAGE "simplegame"
#define VERSION "0.1"
#define STDC_HEADERS 1
#define HAVE_SYS_TYPES_H 1
#define HAVE_SYS_STAT_H 1
#define HAVE_STDLIB_H 1
#define HAVE_STRING_H 1
#define HAVE_MEMORY_H 1
#define HAVE_STRINGS_H 1
#define HAVE_INTTYPES_H 1
#define HAVE_STDINT_H 1
#define HAVE_UNISTD_H 1

configure: exit 0

## ---------------------- ##
## Running config.status. ##
## ---------------------- ##

This file was extended by SimpleGame config.status 0.1, which was
generated by GNU Autoconf 2.69.  Invocation command line was

  CONFIG_FILES    = 
  CONFIG_HEADERS  = 
  CONFIG_LINKS    = 
  CONFIG_COMMANDS = 
  $ ./config.status src/Makefile depfiles

on mathew-VirtualBox

config.status:868: creating src/Makefile
config.status:1097: executing depfiles commands
